<?xml version="1.0" encoding="UTF-8"?>
<!-- Generated by org.testng.reporters.JUnitReportReporter -->
<testsuite hostname="DESKTOP-SV0FD2F" failures="0" tests="6" name="com.sampleAPI.test.CreateFlights" time="13.092" errors="0" timestamp="01 Jul 2024 06:50:42 GMT" skipped="0">
  <testcase classname="com.sampleAPI.test.CreateFlights" name="getListFlight" time="5.186"/>
  <testcase classname="com.sampleAPI.test.CreateFlights" name="getSingleFlight" time="1.268"/>
  <testcase classname="com.sampleAPI.test.CreateFlights" name="createFlight" time="2.942"/>
  <testcase classname="com.sampleAPI.test.CreateFlights" name="updateFlight" time="1.098"/>
  <testcase classname="com.sampleAPI.test.CreateFlights" name="patchFlight" time="1.317"/>
  <testcase classname="com.sampleAPI.test.CreateFlights" name="deleteFlight" time="1.281"/>
</testsuite> <!-- com.sampleAPI.test.CreateFlights -->
