<?xml version="1.0" encoding="UTF-8"?>
<!-- Generated by org.testng.reporters.JUnitReportReporter -->
<testsuite hostname="DESKTOP-SV0FD2F" failures="0" tests="1" name="com.sampleAPI.test.AuthenticationLogin" time="6.543" errors="0" timestamp="02 Jul 2024 04:43:05 GMT" skipped="0">
  <testcase classname="com.sampleAPI.test.AuthenticationLogin" name="login" time="6.543"/>
</testsuite> <!-- com.sampleAPI.test.AuthenticationLogin -->
