<?xml version="1.0" encoding="UTF-8"?>
<!-- Generated by org.testng.reporters.JUnitReportReporter -->
<testsuite hostname="DESKTOP-SV0FD2F" failures="0" tests="6" name="com.JSON.ReadandWrite.AuthenticationLoginpage" time="9.056" errors="0" timestamp="08 Jul 2024 11:38:32 GMT" skipped="0">
  <testcase classname="com.JSON.ReadandWrite.AuthenticationLoginpage" name="login" time="4.271"/>
  <testcase classname="com.JSON.ReadandWrite.AuthenticationLoginpage" name="addAddress" time="1.207"/>
  <testcase classname="com.JSON.ReadandWrite.AuthenticationLoginpage" name="updateAddress" time="0.971"/>
  <testcase classname="com.JSON.ReadandWrite.AuthenticationLoginpage" name="getUpdatedAddress" time="1.154"/>
  <testcase classname="com.JSON.ReadandWrite.AuthenticationLoginpage" name="deleteAddress" time="0.718"/>
  <testcase classname="com.JSON.ReadandWrite.AuthenticationLoginpage" name="stateList" time="0.735"/>
</testsuite> <!-- com.JSON.ReadandWrite.AuthenticationLoginpage -->
